[INFO  - 2015-11-18T02:14:49.533Z] GhostDriver - Main - running on port 52793
[INFO  - 2015-11-18T02:14:49.844Z] Session [257ff150-8d9a-11e5-89af-efb1960bca8b] - page.settings - {"XSSAuditingEnabled":false,"javascriptCanCloseWindows":true,"javascriptCanOpenWindows":true,"javascriptEnabled":true,"loadImages":true,"localToRemoteUrlAccessEnabled":false,"userAgent":"Mozilla/5.0 (Windows NT 6.2) AppleWebKit/538.1 (KHTML, like Gecko) PhantomJS/2.0.0 Safari/538.1","webSecurityEnabled":true}
[INFO  - 2015-11-18T02:14:49.844Z] Session [257ff150-8d9a-11e5-89af-efb1960bca8b] - page.customHeaders:  - {}
[INFO  - 2015-11-18T02:14:49.844Z] Session [257ff150-8d9a-11e5-89af-efb1960bca8b] - Session.negotiatedCapabilities - {"browserName":"phantomjs","version":"2.0.0","driverName":"ghostdriver","driverVersion":"1.2.0","platform":"windows-8-32bit","javascriptEnabled":true,"takesScreenshot":true,"handlesAlerts":false,"databaseEnabled":false,"locationContextEnabled":false,"applicationCacheEnabled":false,"browserConnectionEnabled":false,"cssSelectorsEnabled":true,"webStorageEnabled":false,"rotatable":false,"acceptSslCerts":false,"nativeEvents":true,"proxy":{"proxyType":"direct"}}
[INFO  - 2015-11-18T02:14:49.844Z] SessionManagerReqHand - _postNewSessionCommand - New Session Created: 257ff150-8d9a-11e5-89af-efb1960bca8b
[ERROR - 2015-11-18T02:14:52.675Z] WebElementLocator - _handleLocateCommand - Element(s) NOT Found: GAVE UP. Search Stop Time: 1447812892654

  :262 in error
[ERROR - 2015-11-18T02:14:53.517Z] WebElementLocator - _handleLocateCommand - Element(s) NOT Found: GAVE UP. Search Stop Time: 1447812893514

  :262 in error
[ERROR - 2015-11-18T02:14:54.380Z] WebElementLocator - _handleLocateCommand - Element(s) NOT Found: GAVE UP. Search Stop Time: 1447812894312

  :262 in error
[ERROR - 2015-11-18T02:14:55.174Z] WebElementLocator - _handleLocateCommand - Element(s) NOT Found: GAVE UP. Search Stop Time: 1447812895167

  :262 in error
[ERROR - 2015-11-18T02:14:56.018Z] WebElementLocator - _handleLocateCommand - Element(s) NOT Found: GAVE UP. Search Stop Time: 1447812895960

  :262 in error
[ERROR - 2015-11-18T02:14:56.811Z] WebElementLocator - _handleLocateCommand - Element(s) NOT Found: GAVE UP. Search Stop Time: 1447812896804

  :262 in error
[ERROR - 2015-11-18T02:14:57.596Z] WebElementLocator - _handleLocateCommand - Element(s) NOT Found: GAVE UP. Search Stop Time: 1447812897590

  :262 in error
[ERROR - 2015-11-18T02:14:58.447Z] WebElementLocator - _handleLocateCommand - Element(s) NOT Found: GAVE UP. Search Stop Time: 1447812898382

  :262 in error
[ERROR - 2015-11-18T02:14:59.238Z] WebElementLocator - _handleLocateCommand - Element(s) NOT Found: GAVE UP. Search Stop Time: 1447812899235

  :262 in error
[ERROR - 2015-11-18T02:15:00.082Z] WebElementLocator - _handleLocateCommand - Element(s) NOT Found: GAVE UP. Search Stop Time: 1447812900023

  :262 in error
[ERROR - 2015-11-18T02:15:00.941Z] WebElementLocator - _handleLocateCommand - Element(s) NOT Found: GAVE UP. Search Stop Time: 1447812900878

  :262 in error
[ERROR - 2015-11-18T02:15:01.753Z] WebElementLocator - _handleLocateCommand - Element(s) NOT Found: GAVE UP. Search Stop Time: 1447812901748

  :262 in error
[ERROR - 2015-11-18T02:15:02.550Z] WebElementLocator - _handleLocateCommand - Element(s) NOT Found: GAVE UP. Search Stop Time: 1447812902542

  :262 in error
